=== OPT-1: r_max / ef_search Pareto 扫描 ===

数据加载: 0.66s
SIFT1M: dim=128, base=1000000, query=10000, gt_nq=10000, gt_k=100

r_max,ef_search,recall@10,QPS,avg_latency_ms,avg_degree,build_time_s
[build] rayon threads: 16
[build] init_random_graph done, entry=medoid[123742]
[build] iter 1/2 alpha=1
[build] 50000/1000000 (5%)
[build] 100000/1000000 (10%)
[build] 150000/1000000 (15%)
[build] 200000/1000000 (20%)
[build] 250000/1000000 (25%)
[build] 300000/1000000 (30%)
[build] 350000/1000000 (35%)
[build] 400000/1000000 (40%)
[build] 450000/1000000 (45%)
[build] 500000/1000000 (50%)
[build] 550000/1000000 (55%)
[build] 600000/1000000 (60%)
[build] 650000/1000000 (65%)
[build] 700000/1000000 (70%)
[build] 750000/1000000 (75%)
[build] 800000/1000000 (80%)
[build] 850000/1000000 (85%)
[build] 900000/1000000 (90%)
[build] 950000/1000000 (95%)
[build] iter 2/2 alpha=1.2
[build] 50000/1000000 (5%)
[build] 100000/1000000 (10%)
[build] 150000/1000000 (15%)
[build] 200000/1000000 (20%)
[build] 250000/1000000 (25%)
[build] 300000/1000000 (30%)
[build] 350000/1000000 (35%)
[build] 400000/1000000 (40%)
[build] 450000/1000000 (45%)
[build] 500000/1000000 (50%)
[build] 550000/1000000 (55%)
[build] 600000/1000000 (60%)
[build] 650000/1000000 (65%)
[build] 700000/1000000 (70%)
[build] 750000/1000000 (75%)
[build] 800000/1000000 (80%)
[build] 850000/1000000 (85%)
[build] 900000/1000000 (90%)
[build] 950000/1000000 (95%)
--- r_max=24 建图完成: 1192.3s, avg_degree=23.9, p99_degree=24 ---
24,50,0.9047,7519,0.133,23.9,1192.3
24,100,0.9554,4438,0.225,23.9,1192.3
24,200,0.9801,2489,0.402,23.9,1192.3
24,400,0.9905,1424,0.702,23.9,1192.3
24,800,0.9953,788,1.269,23.9,1192.3

[build] rayon threads: 16
[build] init_random_graph done, entry=medoid[123742]
[build] iter 1/2 alpha=1
[build] 50000/1000000 (5%)
[build] 100000/1000000 (10%)
[build] 150000/1000000 (15%)
[build] 200000/1000000 (20%)
[build] 250000/1000000 (25%)
[build] 300000/1000000 (30%)
[build] 350000/1000000 (35%)
[build] 400000/1000000 (40%)
[build] 450000/1000000 (45%)
[build] 500000/1000000 (50%)
[build] 550000/1000000 (55%)
[build] 600000/1000000 (60%)
[build] 650000/1000000 (65%)
[build] 700000/1000000 (70%)
[build] 750000/1000000 (75%)
[build] 800000/1000000 (80%)
[build] 850000/1000000 (85%)
[build] 900000/1000000 (90%)
[build] 950000/1000000 (95%)
[build] iter 2/2 alpha=1.2
[build] 50000/1000000 (5%)
[build] 100000/1000000 (10%)
[build] 150000/1000000 (15%)
[build] 200000/1000000 (20%)
[build] 250000/1000000 (25%)
[build] 300000/1000000 (30%)
[build] 350000/1000000 (35%)
[build] 400000/1000000 (40%)
[build] 450000/1000000 (45%)
[build] 500000/1000000 (50%)
[build] 550000/1000000 (55%)
[build] 600000/1000000 (60%)
[build] 650000/1000000 (65%)
[build] 700000/1000000 (70%)
[build] 750000/1000000 (75%)
[build] 800000/1000000 (80%)
[build] 850000/1000000 (85%)
[build] 900000/1000000 (90%)
[build] 950000/1000000 (95%)
--- r_max=32 建图完成: 1551.3s, avg_degree=31.8, p99_degree=32 ---
32,50,0.9472,6103,0.164,31.8,1551.3
32,100,0.9786,3635,0.275,31.8,1551.3
32,200,0.9917,2062,0.485,31.8,1551.3
32,400,0.9966,1204,0.831,31.8,1551.3
32,800,0.9983,684,1.462,31.8,1551.3

[build] rayon threads: 16
[build] init_random_graph done, entry=medoid[123742]
[build] iter 1/2 alpha=1
[build] 50000/1000000 (5%)
[build] 100000/1000000 (10%)
[build] 150000/1000000 (15%)
[build] 200000/1000000 (20%)
[build] 250000/1000000 (25%)
[build] 300000/1000000 (30%)
[build] 350000/1000000 (35%)
[build] 400000/1000000 (40%)
[build] 450000/1000000 (45%)
[build] 500000/1000000 (50%)
[build] 550000/1000000 (55%)
[build] 600000/1000000 (60%)
[build] 650000/1000000 (65%)
[build] 700000/1000000 (70%)
[build] 750000/1000000 (75%)
[build] 800000/1000000 (80%)
[build] 850000/1000000 (85%)
[build] 900000/1000000 (90%)
[build] 950000/1000000 (95%)
[build] iter 2/2 alpha=1.2
[build] 50000/1000000 (5%)
[build] 100000/1000000 (10%)
[build] 150000/1000000 (15%)
[build] 200000/1000000 (20%)
[build] 250000/1000000 (25%)
[build] 300000/1000000 (30%)
[build] 350000/1000000 (35%)
[build] 400000/1000000 (40%)
[build] 450000/1000000 (45%)
[build] 500000/1000000 (50%)
[build] 550000/1000000 (55%)
[build] 600000/1000000 (60%)
[build] 650000/1000000 (65%)
[build] 700000/1000000 (70%)
[build] 750000/1000000 (75%)
[build] 800000/1000000 (80%)
[build] 850000/1000000 (85%)
[build] 900000/1000000 (90%)
[build] 950000/1000000 (95%)
--- r_max=40 建图完成: 2124.2s, avg_degree=39.6, p99_degree=40 ---
40,50,0.9679,5114,0.196,39.6,2124.2
40,100,0.9891,2940,0.340,39.6,2124.2
40,200,0.9959,1755,0.570,39.6,2124.2
40,400,0.9982,1032,0.969,39.6,2124.2
40,800,0.9989,577,1.733,39.6,2124.2

[build] rayon threads: 16
[build] init_random_graph done, entry=medoid[123742]
[build] iter 1/2 alpha=1
[build] 50000/1000000 (5%)
[build] 100000/1000000 (10%)
[build] 150000/1000000 (15%)
[build] 200000/1000000 (20%)
[build] 250000/1000000 (25%)
[build] 300000/1000000 (30%)
[build] 350000/1000000 (35%)
[build] 400000/1000000 (40%)
[build] 450000/1000000 (45%)
[build] 500000/1000000 (50%)
[build] 550000/1000000 (55%)
[build] 600000/1000000 (60%)
[build] 650000/1000000 (65%)
[build] 700000/1000000 (70%)
[build] 750000/1000000 (75%)
[build] 800000/1000000 (80%)
[build] 850000/1000000 (85%)
[build] 900000/1000000 (90%)
[build] 950000/1000000 (95%)
[build] iter 2/2 alpha=1.2
[build] 50000/1000000 (5%)
[build] 100000/1000000 (10%)
[build] 150000/1000000 (15%)
[build] 200000/1000000 (20%)
[build] 250000/1000000 (25%)
[build] 300000/1000000 (30%)
[build] 350000/1000000 (35%)
[build] 400000/1000000 (40%)
[build] 450000/1000000 (45%)
[build] 500000/1000000 (50%)
[build] 550000/1000000 (55%)
[build] 600000/1000000 (60%)
[build] 650000/1000000 (65%)
[build] 700000/1000000 (70%)
[build] 750000/1000000 (75%)
[build] 800000/1000000 (80%)
[build] 850000/1000000 (85%)
[build] 900000/1000000 (90%)
[build] 950000/1000000 (95%)
--- r_max=48 建图完成: 2830.8s, avg_degree=47.2, p99_degree=48 ---
48,50,0.9781,4227,0.237,47.2,2830.8
48,100,0.9934,2524,0.396,47.2,2830.8
48,200,0.9977,1504,0.665,47.2,2830.8
48,400,0.9990,896,1.117,47.2,2830.8
48,800,0.9992,525,1.904,47.2,2830.8

[build] rayon threads: 16
[build] init_random_graph done, entry=medoid[123742]
[build] iter 1/2 alpha=1
[build] 50000/1000000 (5%)
[build] 100000/1000000 (10%)
[build] 150000/1000000 (15%)
[build] 200000/1000000 (20%)
[build] 250000/1000000 (25%)
[build] 300000/1000000 (30%)
[build] 350000/1000000 (35%)
[build] 400000/1000000 (40%)
[build] 450000/1000000 (45%)
[build] 500000/1000000 (50%)
[build] 550000/1000000 (55%)
[build] 600000/1000000 (60%)
[build] 650000/1000000 (65%)
[build] 700000/1000000 (70%)
[build] 750000/1000000 (75%)
[build] 800000/1000000 (80%)
[build] 850000/1000000 (85%)
[build] 900000/1000000 (90%)
[build] 950000/1000000 (95%)
[build] iter 2/2 alpha=1.2
[build] 50000/1000000 (5%)
[build] 100000/1000000 (10%)
[build] 150000/1000000 (15%)
[build] 200000/1000000 (20%)
[build] 250000/1000000 (25%)
[build] 300000/1000000 (30%)
[build] 350000/1000000 (35%)
[build] 400000/1000000 (40%)
[build] 450000/1000000 (45%)
[build] 500000/1000000 (50%)
[build] 550000/1000000 (55%)
[build] 600000/1000000 (60%)
[build] 650000/1000000 (65%)
[build] 700000/1000000 (70%)
[build] 750000/1000000 (75%)
[build] 800000/1000000 (80%)
[build] 850000/1000000 (85%)
[build] 900000/1000000 (90%)
[build] 950000/1000000 (95%)
--- r_max=56 建图完成: 3696.2s, avg_degree=54.4, p99_degree=56 ---
56,50,0.9838,3852,0.260,54.4,3696.2
56,100,0.9953,2264,0.442,54.4,3696.2
56,200,0.9982,1320,0.758,54.4,3696.2
56,400,0.9989,779,1.283,54.4,3696.2
56,800,0.9991,450,2.220,54.4,3696.2

[build] rayon threads: 16
[build] init_random_graph done, entry=medoid[123742]
[build] iter 1/2 alpha=1
[build] 50000/1000000 (5%)
[build] 100000/1000000 (10%)
[build] 150000/1000000 (15%)
[build] 200000/1000000 (20%)
[build] 250000/1000000 (25%)
[build] 300000/1000000 (30%)
[build] 350000/1000000 (35%)
[build] 400000/1000000 (40%)
[build] 450000/1000000 (45%)
[build] 500000/1000000 (50%)
[build] 550000/1000000 (55%)
[build] 600000/1000000 (60%)
[build] 650000/1000000 (65%)
[build] 700000/1000000 (70%)
[build] 750000/1000000 (75%)
[build] 800000/1000000 (80%)
[build] 850000/1000000 (85%)
[build] 900000/1000000 (90%)
[build] 950000/1000000 (95%)
[build] iter 2/2 alpha=1.2
[build] 50000/1000000 (5%)
[build] 100000/1000000 (10%)
[build] 150000/1000000 (15%)
[build] 200000/1000000 (20%)
[build] 250000/1000000 (25%)
[build] 300000/1000000 (30%)
[build] 350000/1000000 (35%)
[build] 400000/1000000 (40%)
[build] 450000/1000000 (45%)
[build] 500000/1000000 (50%)
[build] 550000/1000000 (55%)
[build] 600000/1000000 (60%)
[build] 650000/1000000 (65%)
[build] 700000/1000000 (70%)
[build] 750000/1000000 (75%)
[build] 800000/1000000 (80%)
[build] 850000/1000000 (85%)
[build] 900000/1000000 (90%)
[build] 950000/1000000 (95%)
--- r_max=64 建图完成: 4753.6s, avg_degree=61.2, p99_degree=64 ---
64,50,0.9869,3234,0.309,61.2,4753.6
64,100,0.9964,2000,0.500,61.2,4753.6
64,200,0.9986,1179,0.848,61.2,4753.6
64,400,0.9991,688,1.453,61.2,4753.6
64,800,0.9992,402,2.487,61.2,4753.6

=== Pareto 扫描完成 ===
