=== Pipeline 验证实验（S1-S5 修复后）===
验证 pipeline 能正常工作，beta=0.0 和 beta=0.3 两种配置

数据加载: 0.0s
siftsmall: dim=128, base=10000, query=100

=== Pipeline beta=0.0（标准 RobustPrune）===
[OPQ] train: dim=128, n=10000, sub_dim=8, m=16
[OPQ] eigenvalue range: [0.000521, 0.748606]
[finetune α=0.50] start: recon=4099.3096, ret=0.0081
[finetune α=0.50] iter=1: recon=4099.2183, ret=0.0081
[finetune α=0.50] iter=10: recon=4098.3838, ret=0.0080
[finetune α=0.50] iter=20: recon=4097.4922, ret=0.0078
[finetune α=0.50] iter=30: recon=4096.6567, ret=0.0076
[finetune α=0.50] iter=40: recon=4095.8882, ret=0.0075
[finetune α=0.50] iter=50: recon=4095.1663, ret=0.0073
[finetune α=0.50] iter=60: recon=4094.4509, ret=0.0072
[finetune α=0.50] iter=70: recon=4093.7644, ret=0.0071
[finetune α=0.50] iter=80: recon=4093.1504, ret=0.0070
[finetune α=0.50] iter=90: recon=4092.6133, ret=0.0069
[finetune α=0.50] iter=100: recon=4092.0105, ret=0.0068
[finetune α=0.50] iter=110: recon=4091.4663, ret=0.0067
[finetune α=0.50] iter=120: recon=4090.9214, ret=0.0067
[finetune α=0.50] iter=130: recon=4090.4578, ret=0.0066
[finetune α=0.50] iter=140: recon=4089.9656, ret=0.0066
[finetune α=0.50] iter=150: recon=4089.5054, ret=0.0065
[finetune α=0.50] iter=160: recon=4089.0215, ret=0.0064
[finetune α=0.50] iter=170: recon=4088.5852, ret=0.0064
[finetune α=0.50] iter=180: recon=4088.1453, ret=0.0063
[finetune α=0.50] iter=190: recon=4087.7227, ret=0.0063
[finetune α=0.50] iter=200: recon=4087.3113, ret=0.0062
[finetune α=0.50] iter=210: recon=4086.9299, ret=0.0062
[finetune α=0.50] iter=220: recon=4086.5842, ret=0.0062
[finetune α=0.50] iter=230: recon=4086.2139, ret=0.0061
[finetune α=0.50] iter=240: recon=4085.8738, ret=0.0061
[finetune α=0.50] iter=250: recon=4085.5227, ret=0.0060
[finetune α=0.50] end: recon=4085.5227(Δ-13.7869), ret=0.0060(Δ-0.0021)
[build] rayon threads: 16
[build] init_random_graph done, entry=medoid[3732]
[build] iter 1/2 alpha=1
[build] 500/10000 (5%)
[build] 1000/10000 (10%)
[build] 1500/10000 (15%)
[build] 2000/10000 (20%)
[build] 2500/10000 (25%)
[build] 3000/10000 (30%)
[build] 3500/10000 (35%)
[build] 4000/10000 (40%)
[build] 4500/10000 (45%)
[build] 5000/10000 (50%)
[build] 5500/10000 (55%)
[build] 6000/10000 (60%)
[build] 6500/10000 (65%)
[build] 7000/10000 (70%)
[build] 7500/10000 (75%)
[build] 8000/10000 (80%)
[build] 8500/10000 (85%)
[build] 9000/10000 (90%)
[build] 9500/10000 (95%)
[build] iter 2/2 alpha=1.2
[build] 500/10000 (5%)
[build] 1000/10000 (10%)
[build] 1500/10000 (15%)
[build] 2000/10000 (20%)
[build] 2500/10000 (25%)
[build] 3000/10000 (30%)
[build] 3500/10000 (35%)
[build] 4000/10000 (40%)
[build] 4500/10000 (45%)
[build] 5000/10000 (50%)
[build] 5500/10000 (55%)
[build] 6000/10000 (60%)
[build] 6500/10000 (65%)
[build] 7000/10000 (70%)
[build] 7500/10000 (75%)
[build] 8000/10000 (80%)
[build] 8500/10000 (85%)
[build] 9000/10000 (90%)
[build] 9500/10000 (95%)
Pipeline beta=0.0 构建: 56.6s
recall@10: 1.0000
alpha_variants: 4
final_stage: RpTuning

=== Pipeline beta=0.3（量化感知 RobustPrune，S1 修复验证）===
[OPQ] train: dim=128, n=10000, sub_dim=8, m=16
[OPQ] eigenvalue range: [0.000521, 0.748606]
[finetune α=0.50] start: recon=4099.3096, ret=0.0081
[finetune α=0.50] iter=1: recon=4099.2183, ret=0.0081
[finetune α=0.50] iter=10: recon=4098.3838, ret=0.0080
[finetune α=0.50] iter=20: recon=4097.4922, ret=0.0078
[finetune α=0.50] iter=30: recon=4096.6567, ret=0.0076
[finetune α=0.50] iter=40: recon=4095.8882, ret=0.0075
[finetune α=0.50] iter=50: recon=4095.1663, ret=0.0073
[finetune α=0.50] iter=60: recon=4094.4509, ret=0.0072
[finetune α=0.50] iter=70: recon=4093.7644, ret=0.0071
[finetune α=0.50] iter=80: recon=4093.1504, ret=0.0070
[finetune α=0.50] iter=90: recon=4092.6133, ret=0.0069
[finetune α=0.50] iter=100: recon=4092.0105, ret=0.0068
[finetune α=0.50] iter=110: recon=4091.4663, ret=0.0067
[finetune α=0.50] iter=120: recon=4090.9214, ret=0.0067
[finetune α=0.50] iter=130: recon=4090.4578, ret=0.0066
[finetune α=0.50] iter=140: recon=4089.9656, ret=0.0066
[finetune α=0.50] iter=150: recon=4089.5054, ret=0.0065
[finetune α=0.50] iter=160: recon=4089.0215, ret=0.0064
[finetune α=0.50] iter=170: recon=4088.5852, ret=0.0064
[finetune α=0.50] iter=180: recon=4088.1453, ret=0.0063
[finetune α=0.50] iter=190: recon=4087.7227, ret=0.0063
[finetune α=0.50] iter=200: recon=4087.3113, ret=0.0062
[finetune α=0.50] iter=210: recon=4086.9299, ret=0.0062
[finetune α=0.50] iter=220: recon=4086.5842, ret=0.0062
[finetune α=0.50] iter=230: recon=4086.2139, ret=0.0061
[finetune α=0.50] iter=240: recon=4085.8738, ret=0.0061
[finetune α=0.50] iter=250: recon=4085.5227, ret=0.0060
[finetune α=0.50] end: recon=4085.5227(Δ-13.7869), ret=0.0060(Δ-0.0021)
[build] rayon threads: 16
[build] init_random_graph done, entry=medoid[3732]
[build] iter 1/2 alpha=1
[build] 500/10000 (5%)
[build] 1000/10000 (10%)
[build] 1500/10000 (15%)
[build] 2000/10000 (20%)
[build] 2500/10000 (25%)
[build] 3000/10000 (30%)
[build] 3500/10000 (35%)
[build] 4000/10000 (40%)
[build] 4500/10000 (45%)
[build] 5000/10000 (50%)
[build] 5500/10000 (55%)
[build] 6000/10000 (60%)
[build] 6500/10000 (65%)
[build] 7000/10000 (70%)
[build] 7500/10000 (75%)
[build] 8000/10000 (80%)
[build] 8500/10000 (85%)
[build] 9000/10000 (90%)
[build] 9500/10000 (95%)
[build] iter 2/2 alpha=1.2
[build] 500/10000 (5%)
[build] 1000/10000 (10%)
[build] 1500/10000 (15%)
[build] 2000/10000 (20%)
[build] 2500/10000 (25%)
[build] 3000/10000 (30%)
[build] 3500/10000 (35%)
[build] 4000/10000 (40%)
[build] 4500/10000 (45%)
[build] 5000/10000 (50%)
[build] 5500/10000 (55%)
[build] 6000/10000 (60%)
[build] 6500/10000 (65%)
[build] 7000/10000 (70%)
[build] 7500/10000 (75%)
[build] 8000/10000 (80%)
[build] 8500/10000 (85%)
[build] 9000/10000 (90%)
[build] 9500/10000 (95%)
Pipeline beta=0.3 构建: 55.9s
recall@10: 1.0000
alpha_variants: 4
final_stage: RpTuning

=== 汇总 ===
beta=0.0（标准 RobustPrune）: recall=1.0000
beta=0.3（量化感知 RobustPrune）: recall=1.0000

PASS: S1-S5 修复后 pipeline 正常工作，两个配置 recall 都合理
